# JRE version: OpenJDK Runtime Environment (8.0_152-b01) (build 1.8.0_152-release-915-b01)
# Java VM: OpenJDK 64-Bit Server VM (25.152-b01 mixed mode windows-amd64 compressed oops)
Heap:
 PSYoungGen      total 296448K, used 48057K [0x00000000e0000000, 0x00000000f3c80000, 0x0000000100000000)
  eden space 281088K, 15% used [0x00000000e0000000,0x00000000e2ade188,0x00000000f1280000)
  from space 15360K, 27% used [0x00000000f2d80000,0x00000000f3190520,0x00000000f3c80000)
  to   space 21504K, 0% used [0x00000000f1280000,0x00000000f1280000,0x00000000f2780000)
 ParOldGen       total 142336K, used 71321K [0x00000000a0000000, 0x00000000a8b00000, 0x00000000e0000000)
  object space 142336K, 50% used [0x00000000a0000000,0x00000000a45a66b8,0x00000000a8b00000)
 Metaspace       used 75381K, capacity 79182K, committed 79448K, reserved 1118208K
  class space    used 9847K, capacity 10772K, committed 10880K, reserved 1048576K
GC Heap History (10 events):
Event: 68.437 GC heap before
{Heap before GC invocations=19 (full 3):
 PSYoungGen      total 155136K, used 130560K [0x00000000e0000000, 0x00000000eee80000, 0x0000000100000000)
  eden space 130560K, 100% used [0x00000000e0000000,0x00000000e7f80000,0x00000000e7f80000)
  from space 24576K, 0% used [0x00000000e7f80000,0x00000000e7f80000,0x00000000e9780000)
  to   space 23552K, 0% used [0x00000000ed780000,0x00000000ed780000,0x00000000eee80000)
 ParOldGen       total 142336K, used 42153K [0x00000000a0000000, 0x00000000a8b00000, 0x00000000e0000000)
  object space 142336K, 29% used [0x00000000a0000000,0x00000000a292a560,0x00000000a8b00000)
 Metaspace       used 63105K, capacity 65894K, committed 66136K, reserved 1105920K
  class space    used 8370K, capacity 9078K, committed 9088K, reserved 1048576K
Event: 68.492 GC heap after
Heap after GC invocations=19 (full 3):
 PSYoungGen      total 202240K, used 12336K [0x00000000e0000000, 0x00000000ee500000, 0x0000000100000000)
  eden space 188416K, 0% used [0x00000000e0000000,0x00000000e0000000,0x00000000eb800000)
  from space 13824K, 89% used [0x00000000ed780000,0x00000000ee38c118,0x00000000ee500000)
  to   space 23040K, 0% used [0x00000000eb800000,0x00000000eb800000,0x00000000ece80000)
 ParOldGen       total 142336K, used 42161K [0x00000000a0000000, 0x00000000a8b00000, 0x00000000e0000000)
  object space 142336K, 29% used [0x00000000a0000000,0x00000000a292c560,0x00000000a8b00000)
 Metaspace       used 63105K, capacity 65894K, committed 66136K, reserved 1105920K
  class space    used 8370K, capacity 9078K, committed 9088K, reserved 1048576K
}
Event: 107.153 GC heap before
{Heap before GC invocations=20 (full 3):
 PSYoungGen      total 202240K, used 200752K [0x00000000e0000000, 0x00000000ee500000, 0x0000000100000000)
  eden space 188416K, 100% used [0x00000000e0000000,0x00000000eb800000,0x00000000eb800000)
  from space 13824K, 89% used [0x00000000ed780000,0x00000000ee38c118,0x00000000ee500000)
  to   space 23040K, 0% used [0x00000000eb800000,0x00000000eb800000,0x00000000ece80000)
 ParOldGen       total 142336K, used 42161K [0x00000000a0000000, 0x00000000a8b00000, 0x00000000e0000000)
  object space 142336K, 29% used [0x00000000a0000000,0x00000000a292c560,0x00000000a8b00000)
 Metaspace       used 66086K, capacity 68986K, committed 69080K, reserved 1110016K
  class space    used 8724K, capacity 9464K, committed 9472K, reserved 1048576K
Event: 107.194 GC heap after
Heap after GC invocations=20 (full 3):
 PSYoungGen      total 211456K, used 8611K [0x00000000e0000000, 0x00000000f1580000, 0x0000000100000000)
  eden space 188416K, 0% used [0x00000000e0000000,0x00000000e0000000,0x00000000eb800000)
  from space 23040K, 37% used [0x00000000eb800000,0x00000000ec068f88,0x00000000ece80000)
  to   space 22016K, 0% used [0x00000000f0000000,0x00000000f0000000,0x00000000f1580000)
 ParOldGen       total 142336K, used 51186K [0x00000000a0000000, 0x00000000a8b00000, 0x00000000e0000000)
  object space 142336K, 35% used [0x00000000a0000000,0x00000000a31fcb40,0x00000000a8b00000)
 Metaspace       used 66086K, capacity 68986K, committed 69080K, reserved 1110016K
  class space    used 8724K, capacity 9464K, committed 9472K, reserved 1048576K
}
Event: 285.294 GC heap before
{Heap before GC invocations=21 (full 3):
 PSYoungGen      total 211456K, used 197027K [0x00000000e0000000, 0x00000000f1580000, 0x0000000100000000)
  eden space 188416K, 100% used [0x00000000e0000000,0x00000000eb800000,0x00000000eb800000)
  from space 23040K, 37% used [0x00000000eb800000,0x00000000ec068f88,0x00000000ece80000)
  to   space 22016K, 0% used [0x00000000f0000000,0x00000000f0000000,0x00000000f1580000)
 ParOldGen       total 142336K, used 51186K [0x00000000a0000000, 0x00000000a8b00000, 0x00000000e0000000)
  object space 142336K, 35% used [0x00000000a0000000,0x00000000a31fcb40,0x00000000a8b00000)
 Metaspace       used 68255K, capacity 71660K, committed 71768K, reserved 1112064K
  class space    used 8981K, capacity 9825K, committed 9856K, reserved 1048576K
Event: 285.340 GC heap after
Heap after GC invocations=21 (full 3):
 PSYoungGen      total 250880K, used 7429K [0x00000000e0000000, 0x00000000f0f80000, 0x0000000100000000)
  eden space 235008K, 0% used [0x00000000e0000000,0x00000000e0000000,0x00000000ee580000)
  from space 15872K, 46% used [0x00000000f0000000,0x00000000f0741770,0x00000000f0f80000)
  to   space 21504K, 0% used [0x00000000ee580000,0x00000000ee580000,0x00000000efa80000)
 ParOldGen       total 142336K, used 55590K [0x00000000a0000000, 0x00000000a8b00000, 0x00000000e0000000)
  object space 142336K, 39% used [0x00000000a0000000,0x00000000a3649aa0,0x00000000a8b00000)
 Metaspace       used 68255K, capacity 71660K, committed 71768K, reserved 1112064K
  class space    used 8981K, capacity 9825K, committed 9856K, reserved 1048576K
}
Event: 311.845 GC heap before
{Heap before GC invocations=22 (full 3):
 PSYoungGen      total 250880K, used 242069K [0x00000000e0000000, 0x00000000f0f80000, 0x0000000100000000)
  eden space 235008K, 99% used [0x00000000e0000000,0x00000000ee523f40,0x00000000ee580000)
  from space 15872K, 46% used [0x00000000f0000000,0x00000000f0741770,0x00000000f0f80000)
  to   space 21504K, 0% used [0x00000000ee580000,0x00000000ee580000,0x00000000efa80000)
 ParOldGen       total 142336K, used 55590K [0x00000000a0000000, 0x00000000a8b00000, 0x00000000e0000000)
  object space 142336K, 39% used [0x00000000a0000000,0x00000000a3649aa0,0x00000000a8b00000)
 Metaspace       used 74790K, capacity 78446K, committed 78808K, reserved 1118208K
  class space    used 9749K, capacity 10644K, committed 10752K, reserved 1048576K
Event: 311.907 GC heap after
Heap after GC invocations=22 (full 3):
 PSYoungGen      total 256512K, used 13080K [0x00000000e0000000, 0x00000000f4280000, 0x0000000100000000)
  eden space 235008K, 0% used [0x00000000e0000000,0x00000000e0000000,0x00000000ee580000)
  from space 21504K, 60% used [0x00000000ee580000,0x00000000ef2462c8,0x00000000efa80000)
  to   space 21504K, 0% used [0x00000000f2d80000,0x00000000f2d80000,0x00000000f4280000)
 ParOldGen       total 142336K, used 61218K [0x00000000a0000000, 0x00000000a8b00000, 0x00000000e0000000)
  object space 142336K, 43% used [0x00000000a0000000,0x00000000a3bc8818,0x00000000a8b00000)
 Metaspace       used 74790K, capacity 78446K, committed 78808K, reserved 1118208K
  class space    used 9749K, capacity 10644K, committed 10752K, reserved 1048576K
}
Event: 321.348 GC heap before
{Heap before GC invocations=23 (full 3):
 PSYoungGen      total 256512K, used 248088K [0x00000000e0000000, 0x00000000f4280000, 0x0000000100000000)
  eden space 235008K, 100% used [0x00000000e0000000,0x00000000ee580000,0x00000000ee580000)
  from space 21504K, 60% used [0x00000000ee580000,0x00000000ef2462c8,0x00000000efa80000)
  to   space 21504K, 0% used [0x00000000f2d80000,0x00000000f2d80000,0x00000000f4280000)
 ParOldGen       total 142336K, used 61218K [0x00000000a0000000, 0x00000000a8b00000, 0x00000000e0000000)
  object space 142336K, 43% used [0x00000000a0000000,0x00000000a3bc8818,0x00000000a8b00000)
 Metaspace       used 75357K, capacity 79178K, committed 79448K, reserved 1118208K
  class space    used 9845K, capacity 10770K, committed 10880K, reserved 1048576K
Event: 321.371 GC heap after
Heap after GC invocations=23 (full 3):
 PSYoungGen      total 296448K, used 4161K [0x00000000e0000000, 0x00000000f3c80000, 0x0000000100000000)
  eden space 281088K, 0% used [0x00000000e0000000,0x00000000e0000000,0x00000000f1280000)
  from space 15360K, 27% used [0x00000000f2d80000,0x00000000f3190520,0x00000000f3c80000)
  to   space 21504K, 0% used [0x00000000f1280000,0x00000000f1280000,0x00000000f2780000)
 ParOldGen       total 142336K, used 71321K [0x00000000a0000000, 0x00000000a8b00000, 0x00000000e0000000)
  object space 142336K, 50% used [0x00000000a0000000,0x00000000a45a66b8,0x00000000a8b00000)
 Metaspace       used 75357K, capacity 79178K, committed 79448K, reserved 1118208K
  class space    used 9845K, capacity 10770K, committed 10880K, reserved 1048576K
}

